<?xml version="1.0" encoding="UTF-8"?>
<!-- Generated by org.testng.reporters.JUnitXMLReporter -->
<testsuite ignored="0" hostname="DESKTOP-6KRDD4R" failures="0" tests="8" name="Default test" time="0.104" errors="0" timestamp="2022-11-17T15:09:44 IST">
  <testcase classname="Sample4Test" name="script7" time="0.011"/>
  <testcase classname="Sample4Test" name="script8" time="0.002"/>
  <testcase classname="Sample2Test" name="script3" time="0.003"/>
  <testcase classname="Sample2Test" name="script4" time="0.006"/>
  <testcase classname="Sample3Test" name="script4" time="0.002"/>
  <testcase classname="Sample3Test" name="script5" time="0.001"/>
  <testcase classname="Sample1Test" name="script1" time="0.002"/>
  <testcase classname="Sample1Test" name="script2" time="0.002"/>
</testsuite> <!-- Default test -->
