<?xml version="1.0" encoding="UTF-8"?>
<testng-results ignored="0" total="8" passed="8" failed="0" skipped="0">
  <reporter-output>
  </reporter-output>
  <suite started-at="2022-11-17T15:09:44 IST" name="Default suite" finished-at="2022-11-17T15:09:44 IST" duration-ms="104">
    <groups>
    </groups>
    <test started-at="2022-11-17T15:09:44 IST" name="Default test" finished-at="2022-11-17T15:09:44 IST" duration-ms="104">
      <class name="Sample4Test">
        <test-method signature="script7()[pri:0, instance:Sample4Test@7ea9e1e2]" started-at="2022-11-17T15:09:44 IST" name="script7" finished-at="2022-11-17T15:09:44 IST" duration-ms="11" status="PASS">
          <reporter-output>
          </reporter-output>
        </test-method> <!-- script7 -->
        <test-method signature="script8()[pri:0, instance:Sample4Test@7ea9e1e2]" started-at="2022-11-17T15:09:44 IST" name="script8" finished-at="2022-11-17T15:09:44 IST" duration-ms="2" status="PASS">
          <reporter-output>
          </reporter-output>
        </test-method> <!-- script8 -->
      </class> <!-- Sample4Test -->
      <class name="Sample2Test">
        <test-method signature="script3()[pri:0, instance:Sample2Test@fba92d3]" started-at="2022-11-17T15:09:44 IST" name="script3" finished-at="2022-11-17T15:09:44 IST" duration-ms="3" status="PASS">
          <reporter-output>
          </reporter-output>
        </test-method> <!-- script3 -->
        <test-method signature="script4()[pri:0, instance:Sample2Test@fba92d3]" started-at="2022-11-17T15:09:44 IST" name="script4" finished-at="2022-11-17T15:09:44 IST" duration-ms="6" status="PASS">
          <reporter-output>
          </reporter-output>
        </test-method> <!-- script4 -->
      </class> <!-- Sample2Test -->
      <class name="Sample3Test">
        <test-method signature="script4()[pri:0, instance:Sample3Test@662b4c69]" started-at="2022-11-17T15:09:44 IST" name="script4" finished-at="2022-11-17T15:09:44 IST" duration-ms="2" status="PASS">
          <reporter-output>
          </reporter-output>
        </test-method> <!-- script4 -->
        <test-method signature="script5()[pri:0, instance:Sample3Test@662b4c69]" started-at="2022-11-17T15:09:44 IST" name="script5" finished-at="2022-11-17T15:09:44 IST" duration-ms="1" status="PASS">
          <reporter-output>
          </reporter-output>
        </test-method> <!-- script5 -->
      </class> <!-- Sample3Test -->
      <class name="Sample1Test">
        <test-method signature="script1()[pri:0, instance:Sample1Test@2a54a73f]" started-at="2022-11-17T15:09:44 IST" name="script1" finished-at="2022-11-17T15:09:44 IST" duration-ms="2" status="PASS">
          <reporter-output>
          </reporter-output>
        </test-method> <!-- script1 -->
        <test-method signature="script2()[pri:0, instance:Sample1Test@2a54a73f]" started-at="2022-11-17T15:09:44 IST" name="script2" finished-at="2022-11-17T15:09:44 IST" duration-ms="2" status="PASS">
          <reporter-output>
          </reporter-output>
        </test-method> <!-- script2 -->
      </class> <!-- Sample1Test -->
    </test> <!-- Default test -->
  </suite> <!-- Default suite -->
</testng-results>
